Mar 03 18:38:30 Installed: elrepo-release-7.0-3.el7.elrepo.noarch
Mar 03 18:40:47 Installed: kernel-ml-4.20.13-1.el7.elrepo.x86_64
Mar 03 18:49:54 Installed: wget-1.14-18.el7.x86_64
Mar 03 18:53:34 Updated: glibc-common-2.17-260.el7_6.3.x86_64
Mar 03 18:53:35 Updated: glibc-2.17-260.el7_6.3.x86_64
Mar 03 18:53:35 Installed: mpfr-3.1.1-4.el7.x86_64
Mar 03 18:53:35 Installed: libmpc-1.0.1-3.el7.x86_64
Mar 03 18:53:35 Installed: apr-1.4.8-3.el7_4.1.x86_64
Mar 03 18:53:36 Installed: m4-1.4.16-10.el7.x86_64
Mar 03 18:53:36 Installed: libquadmath-4.8.5-36.el7.x86_64
Mar 03 18:53:36 Installed: apr-util-1.5.2-6.el7.x86_64
Mar 03 18:53:36 Installed: unzip-6.0-19.el7.x86_64
Mar 03 18:53:36 Installed: boost-system-1.53.0-27.el7.x86_64
Mar 03 18:53:36 Installed: patch-2.7.1-10.el7_5.x86_64
Mar 03 18:53:36 Installed: zip-3.0-11.el7.x86_64
Mar 03 18:53:36 Installed: boost-thread-1.53.0-27.el7.x86_64
Mar 03 18:53:36 Installed: libgfortran-4.8.5-36.el7.x86_64
Mar 03 18:53:37 Installed: cpp-4.8.5-36.el7.x86_64
Mar 03 18:53:37 Installed: libdwarf-20130207-4.el7.x86_64
Mar 03 18:53:37 Installed: nettle-2.7.1-8.el7.x86_64
Mar 03 18:53:37 Installed: gdb-7.6.1-114.el7.x86_64
Mar 03 18:53:37 Installed: 1:perl-parent-0.225-244.el7.noarch
Mar 03 18:53:37 Installed: perl-HTTP-Tiny-0.033-3.el7.noarch
Mar 03 18:53:37 Installed: perl-podlators-2.5.1-3.el7.noarch
Mar 03 18:53:37 Installed: perl-Pod-Perldoc-3.20-4.el7.noarch
Mar 03 18:53:37 Installed: 1:perl-Pod-Escapes-1.04-294.el7_6.noarch
Mar 03 18:53:37 Installed: perl-Text-ParseWords-3.29-4.el7.noarch
Mar 03 18:53:38 Installed: perl-Encode-2.51-7.el7.x86_64
Mar 03 18:53:38 Installed: perl-Pod-Usage-1.63-3.el7.noarch
Mar 03 18:53:38 Installed: 4:perl-libs-5.16.3-294.el7_6.x86_64
Mar 03 18:53:38 Installed: perl-Socket-2.010-4.el7.x86_64
Mar 03 18:53:38 Installed: perl-Storable-2.45-3.el7.x86_64
Mar 03 18:53:38 Installed: 4:perl-Time-HiRes-1.9725-3.el7.x86_64
Mar 03 18:53:38 Installed: perl-threads-1.87-4.el7.x86_64
Mar 03 18:53:38 Installed: perl-Carp-1.26-244.el7.noarch
Mar 03 18:53:38 Installed: perl-Filter-1.49-3.el7.x86_64
Mar 03 18:53:38 Installed: perl-Exporter-5.68-3.el7.noarch
Mar 03 18:53:38 Installed: perl-constant-1.27-2.el7.noarch
Mar 03 18:53:38 Installed: perl-Time-Local-1.2300-2.el7.noarch
Mar 03 18:53:38 Installed: 4:perl-macros-5.16.3-294.el7_6.x86_64
Mar 03 18:53:38 Installed: perl-threads-shared-1.43-6.el7.x86_64
Mar 03 18:53:38 Installed: perl-File-Temp-0.23.01-3.el7.noarch
Mar 03 18:53:38 Installed: perl-File-Path-2.09-2.el7.noarch
Mar 03 18:53:38 Installed: perl-PathTools-3.40-5.el7.x86_64
Mar 03 18:53:38 Installed: perl-Scalar-List-Utils-1.27-248.el7.x86_64
Mar 03 18:53:38 Installed: 1:perl-Pod-Simple-3.28-4.el7.noarch
Mar 03 18:53:38 Installed: perl-Getopt-Long-2.40-3.el7.noarch
Mar 03 18:53:40 Installed: 4:perl-5.16.3-294.el7_6.x86_64
Mar 03 18:53:40 Installed: perl-Thread-Queue-3.02-2.el7.noarch
Mar 03 18:53:40 Installed: 1:perl-Error-0.17020-2.el7.noarch
Mar 03 18:53:40 Installed: perl-TermReadKey-2.30-20.el7.x86_64
Mar 03 18:53:40 Installed: perl-Git-1.8.3.1-20.el7.noarch
Mar 03 18:53:42 Installed: git-1.8.3.1-20.el7.x86_64
Mar 03 18:53:42 Installed: perl-Data-Dumper-2.145-3.el7.x86_64
Mar 03 18:53:42 Installed: autoconf-2.69-11.el7.noarch
Mar 03 18:53:42 Installed: perl-XML-Parser-2.41-10.el7.x86_64
Mar 03 18:54:00 Installed: kernel-debug-devel-3.10.0-957.5.1.el7.x86_64
Mar 03 18:54:01 Installed: perl-Test-Harness-3.28-3.el7.noarch
Mar 03 18:54:01 Installed: automake-1.13.4-3.el7.noarch
Mar 03 18:54:01 Installed: boost-date-time-1.53.0-27.el7.x86_64
Mar 03 18:54:01 Installed: dyninst-9.3.1-2.el7.x86_64
Mar 03 18:54:01 Installed: systemtap-runtime-3.3-3.el7.x86_64
Mar 03 18:54:02 Installed: elfutils-0.172-2.el7.x86_64
Mar 03 18:54:02 Installed: trousers-0.3.14-2.el7.x86_64
Mar 03 18:54:02 Installed: gnutls-3.3.29-8.el7.x86_64
Mar 03 18:54:02 Installed: libmodman-2.0.1-8.el7.x86_64
Mar 03 18:54:02 Installed: libproxy-0.4.11-11.el7.x86_64
Mar 03 18:54:02 Installed: dwz-0.11-3.el7.x86_64
Mar 03 18:54:02 Installed: pakchois-0.4-10.el7.x86_64
Mar 03 18:54:02 Installed: neon-0.30.0-3.el7.x86_64
Mar 03 18:54:02 Installed: subversion-libs-1.7.14-14.el7.x86_64
Mar 03 18:54:02 Installed: efivar-libs-36-11.el7_6.1.x86_64
Mar 03 18:54:02 Installed: mokutil-15-2.el7.centos.x86_64
Mar 03 18:54:04 Installed: systemtap-client-3.3-3.el7.x86_64
Mar 03 18:54:04 Installed: 1:emacs-filesystem-24.3-22.el7.noarch
Mar 03 18:54:05 Installed: kernel-headers-3.10.0-957.5.1.el7.x86_64
Mar 03 18:54:05 Installed: glibc-headers-2.17-260.el7_6.3.x86_64
Mar 03 18:54:06 Installed: glibc-devel-2.17-260.el7_6.3.x86_64
Mar 03 18:54:07 Installed: gcc-4.8.5-36.el7.x86_64
Mar 03 18:54:07 Installed: libquadmath-devel-4.8.5-36.el7.x86_64
Mar 03 18:54:08 Installed: systemtap-devel-3.3-3.el7.x86_64
Mar 03 18:54:08 Installed: libstdc++-devel-4.8.5-36.el7.x86_64
Mar 03 18:54:08 Installed: perl-srpm-macros-1-8.el7.noarch
Mar 03 18:54:08 Installed: redhat-rpm-config-9.1.0-87.el7.centos.noarch
Mar 03 18:54:08 Installed: gettext-common-devel-0.19.8.1-2.el7.noarch
Mar 03 18:54:09 Installed: gettext-devel-0.19.8.1-2.el7.x86_64
Mar 03 18:54:09 Installed: intltool-0.50.2-7.el7.noarch
Mar 03 18:54:09 Installed: rpm-build-4.11.3-35.el7.x86_64
Mar 03 18:54:10 Installed: gcc-c++-4.8.5-36.el7.x86_64
Mar 03 18:54:10 Installed: systemtap-3.3-3.el7.x86_64
Mar 03 18:54:10 Installed: gcc-gfortran-4.8.5-36.el7.x86_64
Mar 03 18:54:11 Installed: libtool-2.4.2-22.el7_3.x86_64
Mar 03 18:54:11 Installed: cscope-15.8-10.el7.x86_64
Mar 03 18:54:11 Installed: subversion-1.7.14-14.el7.x86_64
Mar 03 18:54:11 Installed: patchutils-0.3.3-4.el7.x86_64
Mar 03 18:54:11 Installed: flex-2.5.37-6.el7.x86_64
Mar 03 18:54:11 Installed: bison-3.0.4-2.el7.x86_64
Mar 03 18:54:13 Installed: 1:doxygen-1.8.5-3.el7.x86_64
Mar 03 18:54:13 Installed: swig-2.0.10-5.el7.x86_64
Mar 03 18:54:14 Installed: rcs-5.9.0-5.el7.x86_64
Mar 03 18:54:14 Installed: diffstat-1.57-4.el7.x86_64
Mar 03 18:54:14 Installed: byacc-1.9.20130304-3.el7.x86_64
Mar 03 18:54:14 Installed: rpm-sign-4.11.3-35.el7.x86_64
Mar 03 18:54:14 Installed: ctags-5.8-13.el7.x86_64
Mar 03 18:54:14 Installed: indent-2.2.11-13.el7.x86_64
Mar 03 18:54:34 Installed: ncurses-devel-5.9-14.20130511.el7_4.x86_64
Mar 03 19:04:42 Updated: krb5-libs-1.15.1-37.el7_6.x86_64
Mar 03 19:04:42 Installed: libkadm5-1.15.1-37.el7_6.x86_64
Mar 03 19:04:42 Installed: libcom_err-devel-1.42.9-13.el7.x86_64
Mar 03 19:04:42 Installed: libsepol-devel-2.5-10.el7.x86_64
Mar 03 19:04:42 Installed: zlib-devel-1.2.7-18.el7.x86_64
Mar 03 19:04:42 Installed: pcre-devel-8.32-17.el7.x86_64
Mar 03 19:04:42 Installed: libselinux-devel-2.5-14.1.el7.x86_64
Mar 03 19:04:42 Installed: libverto-devel-0.2.5-4.el7.x86_64
Mar 03 19:04:42 Installed: keyutils-libs-devel-1.5.8-3.el7.x86_64
Mar 03 19:04:42 Installed: krb5-devel-1.15.1-37.el7_6.x86_64
Mar 03 19:04:43 Installed: 1:openssl-devel-1.0.2k-16.el7.x86_64
Mar 03 19:04:43 Installed: bc-1.06.95-13.el7.x86_64
